<?xml version="1.0" encoding="UTF-8"?>
<!-- Generated by org.testng.reporters.JUnitReportReporter -->
<testsuite hostname="DESKTOP-RD9UV13" failures="0" tests="1" name="com.Rena.TMS.BookingTest" time="215.545" errors="0" timestamp="2023-07-14T10:36:40 IST" skipped="0">
  <testcase classname="com.Rena.TMS.BookingTest" name="bookingTest" time="215.545"/>
  <system-out>
    <![CDATA[AdminSUCCESS:Package Created Successfully
UserSUCCESS:Booked Successfully
Admin SUCCESS:Booking Confirm successfully
Users booking Confirmed]]>
  </system-out>
</testsuite> <!-- com.Rena.TMS.BookingTest -->
