<?xml version="1.0" encoding="UTF-8"?>
<!-- Generated by org.testng.reporters.JUnitReportReporter -->
<testsuite hostname="DESKTOP-30SA7RP" failures="0" tests="3" name="com.Rena.TMS.practice.DataProviderTesting" time="0.024" errors="0" timestamp="2023-07-06T14:44:54 IST" skipped="0">
  <testcase classname="com.Rena.TMS.practice.DataProviderTesting" name="takeData" time="0.017"/>
  <system-out/>
  <testcase classname="com.Rena.TMS.practice.DataProviderTesting" name="takeData" time="0.004"/>
  <system-out/>
  <testcase classname="com.Rena.TMS.practice.DataProviderTesting" name="takeData" time="0.003"/>
  <system-out/>
</testsuite> <!-- com.Rena.TMS.practice.DataProviderTesting -->
