<?xml version="1.0" encoding="UTF-8"?>
<!-- Generated by org.testng.reporters.JUnitReportReporter -->
<testsuite hostname="DESKTOP-30SA7RP" failures="0" tests="1" name="Rena_TMS_Test.RenaTMSIssueTest" time="19.340" errors="0" timestamp="2023-06-29T12:54:12 IST" skipped="0">
  <testcase classname="Rena_TMS_Test.RenaTMSIssueTest" name="issueTest" time="19.340"/>
  <system-out/>
</testsuite> <!-- Rena_TMS_Test.RenaTMSIssueTest -->
