<?xml version="1.0" encoding="UTF-8"?>
<!-- Generated by org.testng.reporters.JUnitReportReporter -->
<testsuite hostname="DESKTOP-RD9UV13" failures="0" tests="1" name="com.Rena.TMS.IssueTest" time="112.612" errors="0" timestamp="2023-07-13T11:41:05 IST" skipped="0">
  <testcase classname="com.Rena.TMS.IssueTest" name="issueTest" time="112.612"/>
  <system-out>
    <![CDATA[Issue GenerationInfo successfully submited
issue Raised by the User is visible in Admin ManageIssue ]]>
  </system-out>
</testsuite> <!-- com.Rena.TMS.IssueTest -->
