<?xml version="1.0" encoding="UTF-8"?>
<!-- Generated by org.testng.reporters.JUnitReportReporter -->
<testsuite hostname="DESKTOP-30SA7RP" failures="0" tests="1" name="com.Rena.TMS.UserCountInDashboardTest" time="28.334" errors="0" timestamp="2023-07-10T13:46:58 IST" skipped="0">
  <testcase classname="com.Rena.TMS.UserCountInDashboardTest" name="dashBoard" time="28.334"/>
  <system-out>
    <![CDATA[1st user created   Info successfully submited 
2nd user created   Info successfully submited 
User count has been updated]]>
  </system-out>
</testsuite> <!-- com.Rena.TMS.UserCountInDashboardTest -->
