<?xml version="1.0" encoding="UTF-8"?>
<!-- Generated by org.testng.reporters.JUnitReportReporter -->
<testsuite hostname="DESKTOP-RD9UV13" failures="0" tests="1" name="com.Rena.TMS.RenaTMSCancelBookingTest" time="34.548" errors="0" timestamp="2023-07-13T12:57:52 IST" skipped="0">
  <testcase classname="com.Rena.TMS.RenaTMSCancelBookingTest" name="cancelBookigTest" time="34.548"/>
  <system-out>
    <![CDATA[AdminSUCCESS:Package Created Successfully
UserSUCCESS:Booked Successfully
user SUCCESS:Booking Cancelled successfully]]>
  </system-out>
</testsuite> <!-- com.Rena.TMS.RenaTMSCancelBookingTest -->
