<?xml version="1.0" encoding="UTF-8"?>
<!-- Generated by org.testng.reporters.JUnitReportReporter -->
<testsuite hostname="DESKTOP-30SA7RP" failures="0" tests="10" name="com.Rena.TMS.practice.DataProviderExcel" time="57.140" errors="0" timestamp="2023-07-06T17:09:16 IST" skipped="0">
  <testcase classname="com.Rena.TMS.practice.DataProviderExcel" name="test" time="3.558"/>
  <system-out/>
  <testcase classname="com.Rena.TMS.practice.DataProviderExcel" name="test" time="4.039"/>
  <system-out/>
  <testcase classname="com.Rena.TMS.practice.DataProviderExcel" name="test" time="6.538"/>
  <system-out/>
  <testcase classname="com.Rena.TMS.practice.DataProviderExcel" name="test" time="4.090"/>
  <system-out/>
  <testcase classname="com.Rena.TMS.practice.DataProviderExcel" name="test" time="6.202"/>
  <system-out/>
  <testcase classname="com.Rena.TMS.practice.DataProviderExcel" name="test" time="6.453"/>
  <system-out/>
  <testcase classname="com.Rena.TMS.practice.DataProviderExcel" name="test" time="6.788"/>
  <system-out/>
  <testcase classname="com.Rena.TMS.practice.DataProviderExcel" name="test" time="6.552"/>
  <system-out/>
  <testcase classname="com.Rena.TMS.practice.DataProviderExcel" name="test" time="3.771"/>
  <system-out/>
  <testcase classname="com.Rena.TMS.practice.DataProviderExcel" name="test" time="9.149"/>
  <system-out/>
</testsuite> <!-- com.Rena.TMS.practice.DataProviderExcel -->
