<?xml version="1.0" encoding="UTF-8"?>
<!-- Generated by org.testng.reporters.JUnitReportReporter -->
<testsuite hostname="DESKTOP-RD9UV13" failures="0" tests="1" name="com.Rena.TMS.UserCountInDashboardTest" time="45.040" errors="0" timestamp="2023-07-13T18:47:54 IST" skipped="0">
  <testcase classname="com.Rena.TMS.UserCountInDashboardTest" name="dashBoard" time="45.040"/>
  <system-out>
    <![CDATA[1st user created   Info successfully submited 
2nd user created   Info successfully submited 
User count has been updated]]>
  </system-out>
</testsuite> <!-- com.Rena.TMS.UserCountInDashboardTest -->
