<?xml version="1.0" encoding="UTF-8"?>
<!-- Generated by org.testng.reporters.JUnitReportReporter -->
<testsuite hostname="DESKTOP-30SA7RP" failures="0" tests="1" name="Rena_TMS_Practice.RenaTMSCancelBookingTest" time="16.836" errors="0" timestamp="2023-06-29T12:35:02 IST" skipped="0">
  <testcase classname="Rena_TMS_Practice.RenaTMSCancelBookingTest" name="cancelBookigTest" time="16.836"/>
  <system-out/>
</testsuite> <!-- Rena_TMS_Practice.RenaTMSCancelBookingTest -->
